[INFO] Mon May 11 17:19:49 2026
 : AutoTierX system initialized
[WARNING] Mon May 11 17:19:49 2026
 : Warm tier usage approaching threshold
[ERROR] Mon May 11 17:19:49 2026
 : Cold tier latency detected
[INFO] Mon May 11 17:38:16 2026
 : AutoTierX system initialized
[WARNING] Mon May 11 17:38:16 2026
 : Warm tier usage approaching threshold
[ERROR] Mon May 11 17:38:16 2026
 : Cold tier latency detected
[INFO] Mon May 11 17:46:04 2026
 : AutoTierX system initialized
[WARNING] Mon May 11 17:46:04 2026
 : Warm tier usage approaching threshold
[ERROR] Mon May 11 17:46:04 2026
 : Cold tier latency detected
[INFO] Mon May 11 17:46:52 2026
 : AutoTierX system initialized
[WARNING] Mon May 11 17:46:52 2026
 : Warm tier usage approaching threshold
[ERROR] Mon May 11 17:46:52 2026
 : Cold tier latency detected
[INFO] Mon May 11 17:52:12 2026
 : AutoTierX system initialized
[WARNING] Mon May 11 17:52:12 2026
 : Warm tier usage approaching threshold
[ERROR] Mon May 11 17:52:12 2026
 : Cold tier latency detected
[INFO] Mon May 11 17:52:24 2026
 : AutoTierX system initialized
[WARNING] Mon May 11 17:52:24 2026
 : Warm tier usage approaching threshold
[ERROR] Mon May 11 17:52:24 2026
 : Cold tier latency detected
[INFO] Mon May 11 17:52:43 2026
 : AutoTierX system initialized
[WARNING] Mon May 11 17:52:43 2026
 : Warm tier usage approaching threshold
[ERROR] Mon May 11 17:52:43 2026
 : Cold tier latency detected
[INFO] Mon May 11 17:58:08 2026
 : AutoTierX system initialized
[WARNING] Mon May 11 17:58:08 2026
 : Warm tier usage approaching threshold
[ERROR] Mon May 11 17:58:08 2026
 : Cold tier latency detected
[INFO] Mon May 11 17:58:08 2026
 : Auto-tier migration completed for sample.txt
[INFO] Mon May 11 17:58:43 2026
 : AutoTierX system initialized
[WARNING] Mon May 11 17:58:43 2026
 : Warm tier usage approaching threshold
[ERROR] Mon May 11 17:58:43 2026
 : Cold tier latency detected
[INFO] Mon May 11 17:58:43 2026
 : Auto-tier migration completed for sample.txt
[INFO] Mon May 11 18:01:51 2026
 : AutoTierX system initialized
[WARNING] Mon May 11 18:01:51 2026
 : Warm tier usage approaching threshold
[ERROR] Mon May 11 18:01:51 2026
 : Cold tier latency detected
[INFO] Mon May 11 18:01:51 2026
 : Auto-tier migration completed for sample.txt
[INFO] Mon May 11 18:13:15 2026
 : AutoTierX system initialized
[WARNING] Mon May 11 18:13:15 2026
 : Warm tier usage approaching threshold
[ERROR] Mon May 11 18:13:15 2026
 : Cold tier latency detected
[INFO] Mon May 11 18:13:15 2026
 : Auto-tier migration completed for sample.txt
[INFO] Mon May 11 18:17:23 2026
 : AutoTierX system initialized
[WARNING] Mon May 11 18:17:23 2026
 : Warm tier usage approaching threshold
[ERROR] Mon May 11 18:17:23 2026
 : Cold tier latency detected
[INFO] Mon May 11 18:17:23 2026
 : Auto-tier migration completed for sample.txt
[INFO] Mon May 11 18:26:31 2026
 : AutoTierX system initialized
[WARNING] Mon May 11 18:26:31 2026
 : Warm tier usage approaching threshold
[ERROR] Mon May 11 18:26:31 2026
 : Cold tier latency detected
[INFO] Mon May 11 18:26:31 2026
 : Auto-tier migration completed for sample.txt
[INFO] Mon May 11 18:44:27 2026
 : AutoTierX system initialized
[WARNING] Mon May 11 18:44:27 2026
 : Warm tier usage approaching threshold
[ERROR] Mon May 11 18:44:27 2026
 : Cold tier latency detected
[INFO] Mon May 11 18:44:27 2026
 : Auto-tier migration completed for sample.txt
[INFO] Mon May 11 18:45:05 2026
 : AutoTierX system initialized
[WARNING] Mon May 11 18:45:05 2026
 : Warm tier usage approaching threshold
[ERROR] Mon May 11 18:45:05 2026
 : Cold tier latency detected
[INFO] Mon May 11 18:45:05 2026
 : Auto-tier migration completed for sample.txt
[INFO] Mon May 11 18:46:14 2026
 : AutoTierX system initialized
[WARNING] Mon May 11 18:46:14 2026
 : Warm tier usage approaching threshold
[ERROR] Mon May 11 18:46:14 2026
 : Cold tier latency detected
[INFO] Mon May 11 18:46:14 2026
 : Auto-tier migration completed for sample.txt
[INFO] Mon May 11 19:08:25 2026
 : AutoTierX system initialized
[WARNING] Mon May 11 19:08:25 2026
 : Warm tier usage approaching threshold
[ERROR] Mon May 11 19:08:25 2026
 : Cold tier latency detected
[INFO] Mon May 11 19:08:25 2026
 : Auto-tier migration completed for sample.txt
[INFO] Mon May 11 19:15:16 2026
 : AutoTierX system initialized
[WARNING] Mon May 11 19:15:16 2026
 : Warm tier usage approaching threshold
[ERROR] Mon May 11 19:15:16 2026
 : Cold tier latency detected
[INFO] Mon May 11 19:15:16 2026
 : Auto-tier migration completed for sample.txt
[INFO] Tue May 12 00:29:57 2026
 : AutoTierX system initialized
[WARNING] Tue May 12 00:29:57 2026
 : Warm tier usage approaching threshold
[ERROR] Tue May 12 00:29:57 2026
 : Cold tier latency detected
[INFO] Tue May 12 00:29:57 2026
 : Auto-tier migration completed for sample.txt
[INFO] Tue May 12 00:34:11 2026
 : AutoTierX system initialized
[WARNING] Tue May 12 00:34:11 2026
 : Warm tier usage approaching threshold
[ERROR] Tue May 12 00:34:11 2026
 : Cold tier latency detected
[INFO] Tue May 12 00:34:11 2026
 : Auto-tier migration completed for sample.txt
[INFO] Tue May 12 00:35:07 2026
 : AutoTierX system initialized
[WARNING] Tue May 12 00:35:07 2026
 : Warm tier usage approaching threshold
[ERROR] Tue May 12 00:35:07 2026
 : Cold tier latency detected
[INFO] Tue May 12 00:35:07 2026
 : Auto-tier migration completed for sample.txt
[INFO] Tue May 12 00:40:33 2026
 : AutoTierX system initialized
[WARNING] Tue May 12 00:40:33 2026
 : Warm tier usage approaching threshold
[ERROR] Tue May 12 00:40:33 2026
 : Cold tier latency detected
[INFO] Tue May 12 00:40:33 2026
 : Auto-tier migration completed for sample.txt
[INFO] Tue May 12 00:50:03 2026
 : AutoTierX system initialized
[WARNING] Tue May 12 00:50:03 2026
 : Warm tier usage approaching threshold
[ERROR] Tue May 12 00:50:03 2026
 : Cold tier latency detected
[INFO] Tue May 12 00:50:03 2026
 : Auto-tier migration completed for sample.txt
[INFO] Tue May 12 01:07:34 2026
 : AutoTierX system initialized
[WARNING] Tue May 12 01:07:34 2026
 : Warm tier usage approaching threshold
[ERROR] Tue May 12 01:07:34 2026
 : Cold tier latency detected
[INFO] Tue May 12 01:07:34 2026
 : Auto-tier migration completed for sample.txt
[INFO] Tue May 12 01:22:29 2026
 : AutoTierX system initialized
[WARNING] Tue May 12 01:22:29 2026
 : Warm tier usage approaching threshold
[ERROR] Tue May 12 01:22:29 2026
 : Cold tier latency detected
[INFO] Tue May 12 01:22:29 2026
 : Auto-tier migration completed for sample.txt
[INFO] Tue May 12 01:53:40 2026
 : AutoTierX system initialized
[WARNING] Tue May 12 01:53:40 2026
 : Warm tier usage approaching threshold
[ERROR] Tue May 12 01:53:40 2026
 : Cold tier latency detected
[INFO] Tue May 12 01:53:40 2026
 : Auto-tier migration completed for sample.txt
[INFO] Tue May 12 01:56:00 2026
 : AutoTierX system initialized
[WARNING] Tue May 12 01:56:00 2026
 : Warm tier usage approaching threshold
[ERROR] Tue May 12 01:56:00 2026
 : Cold tier latency detected
[INFO] Tue May 12 01:56:00 2026
 : Auto-tier migration completed for sample.txt
[INFO] Tue May 12 02:00:28 2026
 : AutoTierX system initialized
[WARNING] Tue May 12 02:00:28 2026
 : Warm tier usage approaching threshold
[ERROR] Tue May 12 02:00:28 2026
 : Cold tier latency detected
[INFO] Tue May 12 02:00:28 2026
 : Auto-tier migration completed for sample.txt
[INFO] Tue May 12 02:02:58 2026
 : AutoTierX system initialized
[WARNING] Tue May 12 02:02:58 2026
 : Warm tier usage approaching threshold
[ERROR] Tue May 12 02:02:58 2026
 : Cold tier latency detected
[INFO] Tue May 12 02:02:58 2026
 : Auto-tier migration completed for sample.txt
[INFO] Tue May 12 02:04:30 2026
 : AutoTierX system initialized
[WARNING] Tue May 12 02:04:30 2026
 : Warm tier usage approaching threshold
[ERROR] Tue May 12 02:04:30 2026
 : Cold tier latency detected
[INFO] Tue May 12 02:04:30 2026
 : Auto-tier migration completed for sample.txt
[INFO] Tue May 12 02:06:32 2026
 : AutoTierX system initialized
[WARNING] Tue May 12 02:06:32 2026
 : Warm tier usage approaching threshold
[ERROR] Tue May 12 02:06:32 2026
 : Cold tier latency detected
[INFO] Tue May 12 02:06:32 2026
 : Auto-tier migration completed for sample.txt
[INFO] Tue May 12 02:07:22 2026
 : AutoTierX system initialized
[WARNING] Tue May 12 02:07:22 2026
 : Warm tier usage approaching threshold
[ERROR] Tue May 12 02:07:22 2026
 : Cold tier latency detected
[INFO] Tue May 12 02:07:22 2026
 : Auto-tier migration completed for sample.txt
[INFO] Tue May 12 17:32:18 2026
 : AutoTierX system initialized
[WARNING] Tue May 12 17:32:18 2026
 : Warm tier usage approaching threshold
[ERROR] Tue May 12 17:32:18 2026
 : Cold tier latency detected
[INFO] Tue May 12 17:32:18 2026
 : Auto-tier migration completed for sample.txt
[INFO] Tue May 12 17:57:55 2026
 : AutoTierX system initialized
[WARNING] Tue May 12 17:57:55 2026
 : Warm tier usage approaching threshold
[ERROR] Tue May 12 17:57:55 2026
 : Cold tier latency detected
[INFO] Tue May 12 17:57:55 2026
 : Auto-tier migration completed for sample.txt
[INFO] Tue May 12 18:16:26 2026
 : AutoTierX system initialized
[WARNING] Tue May 12 18:16:26 2026
 : Warm tier usage approaching threshold
[ERROR] Tue May 12 18:16:26 2026
 : Cold tier latency detected
[INFO] Tue May 12 18:16:26 2026
 : Auto-tier migration completed for sample.txt
[INFO] Tue May 12 18:19:11 2026
 : AutoTierX system initialized
[WARNING] Tue May 12 18:19:11 2026
 : Warm tier usage approaching threshold
[ERROR] Tue May 12 18:19:11 2026
 : Cold tier latency detected
[INFO] Tue May 12 18:19:11 2026
 : Auto-tier migration completed for sample.txt
[INFO] Tue May 12 18:19:33 2026
 : AutoTierX system initialized
[WARNING] Tue May 12 18:19:33 2026
 : Warm tier usage approaching threshold
[ERROR] Tue May 12 18:19:33 2026
 : Cold tier latency detected
[INFO] Tue May 12 18:19:33 2026
 : Auto-tier migration completed for sample.txt
[INFO] Tue May 12 18:20:49 2026
 : AutoTierX system initialized
[WARNING] Tue May 12 18:20:49 2026
 : Warm tier usage approaching threshold
[ERROR] Tue May 12 18:20:49 2026
 : Cold tier latency detected
[INFO] Tue May 12 18:20:49 2026
 : Auto-tier migration completed for sample.txt
[INFO] Tue May 12 18:23:03 2026
 : AutoTierX system initialized
[WARNING] Tue May 12 18:23:03 2026
 : Warm tier usage approaching threshold
[ERROR] Tue May 12 18:23:03 2026
 : Cold tier latency detected
[INFO] Tue May 12 18:23:03 2026
 : Auto-tier migration completed for sample.txt
[INFO] Tue May 12 18:26:24 2026
 : AutoTierX system initialized
[WARNING] Tue May 12 18:26:24 2026
 : Warm tier usage approaching threshold
[ERROR] Tue May 12 18:26:24 2026
 : Cold tier latency detected
[INFO] Tue May 12 18:26:24 2026
 : Auto-tier migration completed for sample.txt
[INFO] Tue May 12 18:27:39 2026
 : AutoTierX system initialized
[WARNING] Tue May 12 18:27:39 2026
 : Warm tier usage approaching threshold
[ERROR] Tue May 12 18:27:39 2026
 : Cold tier latency detected
[INFO] Tue May 12 18:27:39 2026
 : Auto-tier migration completed for sample.txt
[INFO] Tue May 12 18:27:42 2026
 : AutoTierX system initialized
[WARNING] Tue May 12 18:27:42 2026
 : Warm tier usage approaching threshold
[ERROR] Tue May 12 18:27:42 2026
 : Cold tier latency detected
[INFO] Tue May 12 18:27:42 2026
 : Auto-tier migration completed for sample.txt
[INFO] Tue May 12 18:29:36 2026
 : AutoTierX system initialized
[WARNING] Tue May 12 18:29:36 2026
 : Warm tier usage approaching threshold
[ERROR] Tue May 12 18:29:36 2026
 : Cold tier latency detected
[INFO] Tue May 12 18:29:36 2026
 : Auto-tier migration completed for sample.txt
[INFO] Tue May 12 18:30:39 2026
 : AutoTierX system initialized
[WARNING] Tue May 12 18:30:39 2026
 : Warm tier usage approaching threshold
[ERROR] Tue May 12 18:30:39 2026
 : Cold tier latency detected
[INFO] Tue May 12 18:30:39 2026
 : Auto-tier migration completed for sample.txt
[INFO] Tue May 12 18:37:59 2026
 : AutoTierX system initialized
[WARNING] Tue May 12 18:37:59 2026
 : Warm tier usage approaching threshold
[ERROR] Tue May 12 18:37:59 2026
 : Cold tier latency detected
[INFO] Tue May 12 18:37:59 2026
 : Auto-tier migration completed for sample.txt
[INFO] Tue May 12 19:02:23 2026
 : AutoTierX system initialized
[WARNING] Tue May 12 19:02:23 2026
 : Warm tier usage approaching threshold
[ERROR] Tue May 12 19:02:23 2026
 : Cold tier latency detected
[INFO] Tue May 12 19:02:23 2026
 : Auto-tier migration completed for sample.txt
[INFO] Tue May 12 19:15:02 2026
 : AutoTierX system initialized
[WARNING] Tue May 12 19:15:02 2026
 : Warm tier usage approaching threshold
[ERROR] Tue May 12 19:15:02 2026
 : Cold tier latency detected
[INFO] Tue May 12 19:15:02 2026
 : Auto-tier migration completed for sample.txt
[INFO] Tue May 12 21:26:50 2026
 : AutoTierX system initialized
[WARNING] Tue May 12 21:26:50 2026
 : Warm tier usage approaching threshold
[ERROR] Tue May 12 21:26:50 2026
 : Cold tier latency detected
[INFO] Tue May 12 21:26:50 2026
 : Auto-tier migration completed for sample.txt
